2021-11-05 21:45:31.003  INFO 15140 --- [main] com.api.sportyShoes.SportyShoes          : Starting SportyShoes on DESKTOP-MR1SLQB with PID 15140 (C:\Users\Lenovo\eclipse-workspace\Sporty Shoes\sporty_shoes\target\classes started by Lenovo in C:\Users\Lenovo\eclipse-workspace\Sporty Shoes\sporty_shoes)
2021-11-05 21:45:31.025  INFO 15140 --- [main] com.api.sportyShoes.SportyShoes          : No active profile set, falling back to default profiles: default
2021-11-05 21:45:33.894  INFO 15140 --- [main] .s.d.r.c.RepositoryConfigurationDelegate : Bootstrapping Spring Data JPA repositories in DEFAULT mode.
2021-11-05 21:45:34.098  INFO 15140 --- [main] .s.d.r.c.RepositoryConfigurationDelegate : Finished Spring Data repository scanning in 185ms. Found 2 JPA repository interfaces.
2021-11-05 21:45:36.299  INFO 15140 --- [main] o.s.b.w.embedded.tomcat.TomcatWebServer  : Tomcat initialized with port(s): 4000 (http)
2021-11-05 21:45:36.360  INFO 15140 --- [main] o.apache.catalina.core.StandardService   : Starting service [Tomcat]
2021-11-05 21:45:36.362  INFO 15140 --- [main] org.apache.catalina.core.StandardEngine  : Starting Servlet engine: [Apache Tomcat/9.0.38]
2021-11-05 21:45:36.869  INFO 15140 --- [main] o.a.c.c.C.[Tomcat].[localhost].[/]       : Initializing Spring embedded WebApplicationContext
2021-11-05 21:45:36.870  INFO 15140 --- [main] w.s.c.ServletWebServerApplicationContext : Root WebApplicationContext: initialization completed in 5670 ms
2021-11-05 21:45:37.032  INFO 15140 --- [main] com.zaxxer.hikari.HikariDataSource       : HikariPool-1 - Starting...
2021-11-05 21:45:37.478  INFO 15140 --- [main] com.zaxxer.hikari.HikariDataSource       : HikariPool-1 - Start completed.
2021-11-05 21:45:37.488  INFO 15140 --- [main] o.s.b.a.h2.H2ConsoleAutoConfiguration    : H2 console available at '/h2'. Database available at 'jdbc:h2:mem:testdb'
2021-11-05 21:45:38.037  INFO 15140 --- [main] o.hibernate.jpa.internal.util.LogHelper  : HHH000204: Processing PersistenceUnitInfo [name: default]
2021-11-05 21:45:38.453  INFO 15140 --- [main] org.hibernate.Version                    : HHH000412: Hibernate ORM core version 5.4.21.Final
2021-11-05 21:45:39.855  INFO 15140 --- [main] o.hibernate.annotations.common.Version   : HCANN000001: Hibernate Commons Annotations {5.1.0.Final}
2021-11-05 21:45:40.484  INFO 15140 --- [main] org.hibernate.dialect.Dialect            : HHH000400: Using dialect: org.hibernate.dialect.H2Dialect
2021-11-05 21:45:43.437  INFO 15140 --- [main] o.h.e.t.j.p.i.JtaPlatformInitiator       : HHH000490: Using JtaPlatform implementation: [org.hibernate.engine.transaction.jta.platform.internal.NoJtaPlatform]
2021-11-05 21:45:43.480  INFO 15140 --- [main] j.LocalContainerEntityManagerFactoryBean : Initialized JPA EntityManagerFactory for persistence unit 'default'
2021-11-05 21:45:43.601  WARN 15140 --- [main] JpaBaseConfiguration$JpaWebConfiguration : spring.jpa.open-in-view is enabled by default. Therefore, database queries may be performed during view rendering. Explicitly configure spring.jpa.open-in-view to disable this warning
2021-11-05 21:45:45.441  INFO 15140 --- [main] o.s.s.web.DefaultSecurityFilterChain     : Creating filter chain: any request, [org.springframework.security.web.context.request.async.WebAsyncManagerIntegrationFilter@52afcdd8, org.springframework.security.web.context.SecurityContextPersistenceFilter@79080255, org.springframework.security.web.header.HeaderWriterFilter@11ec2b2f, org.springframework.security.web.authentication.logout.LogoutFilter@5b4880b3, org.springframework.security.web.authentication.www.BasicAuthenticationFilter@350d9d23, org.springframework.security.web.savedrequest.RequestCacheAwareFilter@62ba3045, org.springframework.security.web.servletapi.SecurityContextHolderAwareRequestFilter@b4c89b6, org.springframework.security.web.authentication.AnonymousAuthenticationFilter@397f925e, org.springframework.security.web.session.SessionManagementFilter@442151d1, org.springframework.security.web.access.ExceptionTranslationFilter@1dae9e61, org.springframework.security.web.access.intercept.FilterSecurityInterceptor@41092c8]
2021-11-05 21:45:45.484  INFO 15140 --- [main] pertySourcedRequestMappingHandlerMapping : Mapped URL path [/v2/api-docs] onto method [springfox.documentation.swagger2.web.Swagger2Controller#getDocumentation(String, HttpServletRequest)]
2021-11-05 21:45:45.690  INFO 15140 --- [main] o.s.s.concurrent.ThreadPoolTaskExecutor  : Initializing ExecutorService 'applicationTaskExecutor'
2021-11-05 21:45:45.965  INFO 15140 --- [main] d.s.w.p.DocumentationPluginsBootstrapper : Context refreshed
2021-11-05 21:45:46.020  INFO 15140 --- [main] d.s.w.p.DocumentationPluginsBootstrapper : Found 1 custom documentation plugin(s)
2021-11-05 21:45:46.122  INFO 15140 --- [main] s.d.s.w.s.ApiListingReferenceScanner     : Scanning for api listing references
2021-11-05 21:45:46.892  INFO 15140 --- [main] o.s.b.w.embedded.tomcat.TomcatWebServer  : Tomcat started on port(s): 4000 (http) with context path ''
2021-11-05 21:45:46.898  INFO 15140 --- [main] com.api.sportyShoes.SportyShoes          : Started SportyShoes in 17.836 seconds (JVM running for 19.906)
2021-11-05 21:54:19.037  INFO 15140 --- [http-nio-4000-exec-1] o.a.c.c.C.[Tomcat].[localhost].[/]       : Initializing Spring DispatcherServlet 'dispatcherServlet'
2021-11-05 21:54:19.046  INFO 15140 --- [http-nio-4000-exec-1] o.s.web.servlet.DispatcherServlet        : Initializing Servlet 'dispatcherServlet'
2021-11-05 21:54:19.152  INFO 15140 --- [http-nio-4000-exec-1] o.s.web.servlet.DispatcherServlet        : Completed initialization in 104 ms
2021-11-05 21:59:18.482  INFO 17000 --- [main] com.api.sportyShoes.SportyShoes          : Starting SportyShoes on DESKTOP-MR1SLQB with PID 17000 (C:\Users\Lenovo\eclipse-workspace\Sporty Shoes\sporty_shoes\target\classes started by Lenovo in C:\Users\Lenovo\eclipse-workspace\Sporty Shoes\sporty_shoes)
2021-11-05 21:59:18.489  INFO 17000 --- [main] com.api.sportyShoes.SportyShoes          : No active profile set, falling back to default profiles: default
2021-11-05 21:59:27.922  INFO 17000 --- [main] .s.d.r.c.RepositoryConfigurationDelegate : Bootstrapping Spring Data JPA repositories in DEFAULT mode.
2021-11-05 21:59:28.181  INFO 17000 --- [main] .s.d.r.c.RepositoryConfigurationDelegate : Finished Spring Data repository scanning in 202ms. Found 2 JPA repository interfaces.
2021-11-05 21:59:31.952  INFO 17000 --- [main] o.s.b.w.embedded.tomcat.TomcatWebServer  : Tomcat initialized with port(s): 4000 (http)
2021-11-05 21:59:32.187  INFO 17000 --- [main] o.apache.catalina.core.StandardService   : Starting service [Tomcat]
2021-11-05 21:59:32.190  INFO 17000 --- [main] org.apache.catalina.core.StandardEngine  : Starting Servlet engine: [Apache Tomcat/9.0.38]
2021-11-05 21:59:33.000  INFO 17000 --- [main] o.a.c.c.C.[Tomcat].[localhost].[/]       : Initializing Spring embedded WebApplicationContext
2021-11-05 21:59:33.001  INFO 17000 --- [main] w.s.c.ServletWebServerApplicationContext : Root WebApplicationContext: initialization completed in 14303 ms
2021-11-05 21:59:33.339  INFO 17000 --- [main] com.zaxxer.hikari.HikariDataSource       : HikariPool-1 - Starting...
2021-11-05 21:59:34.157  INFO 17000 --- [main] com.zaxxer.hikari.HikariDataSource       : HikariPool-1 - Start completed.
2021-11-05 21:59:34.171  INFO 17000 --- [main] o.s.b.a.h2.H2ConsoleAutoConfiguration    : H2 console available at '/h2'. Database available at 'jdbc:h2:mem:testdb'
2021-11-05 21:59:35.348  INFO 17000 --- [main] o.hibernate.jpa.internal.util.LogHelper  : HHH000204: Processing PersistenceUnitInfo [name: default]
2021-11-05 21:59:37.199  INFO 17000 --- [main] org.hibernate.Version                    : HHH000412: Hibernate ORM core version 5.4.21.Final
2021-11-05 21:59:44.161  INFO 17000 --- [main] o.hibernate.annotations.common.Version   : HCANN000001: Hibernate Commons Annotations {5.1.0.Final}
2021-11-05 21:59:45.603  INFO 17000 --- [main] org.hibernate.dialect.Dialect            : HHH000400: Using dialect: org.hibernate.dialect.H2Dialect
2021-11-05 21:59:49.859  INFO 17000 --- [main] o.h.e.t.j.p.i.JtaPlatformInitiator       : HHH000490: Using JtaPlatform implementation: [org.hibernate.engine.transaction.jta.platform.internal.NoJtaPlatform]
2021-11-05 21:59:49.912  INFO 17000 --- [main] j.LocalContainerEntityManagerFactoryBean : Initialized JPA EntityManagerFactory for persistence unit 'default'
2021-11-05 21:59:50.104  WARN 17000 --- [main] JpaBaseConfiguration$JpaWebConfiguration : spring.jpa.open-in-view is enabled by default. Therefore, database queries may be performed during view rendering. Explicitly configure spring.jpa.open-in-view to disable this warning
2021-11-05 21:59:52.984  INFO 17000 --- [main] o.s.s.web.DefaultSecurityFilterChain     : Creating filter chain: any request, [org.springframework.security.web.context.request.async.WebAsyncManagerIntegrationFilter@3180131e, org.springframework.security.web.context.SecurityContextPersistenceFilter@62158618, org.springframework.security.web.header.HeaderWriterFilter@436d2bb9, org.springframework.security.web.authentication.logout.LogoutFilter@4779df3d, org.springframework.security.web.authentication.www.BasicAuthenticationFilter@6859bbd4, org.springframework.security.web.savedrequest.RequestCacheAwareFilter@7945986a, org.springframework.security.web.servletapi.SecurityContextHolderAwareRequestFilter@76ebd595, org.springframework.security.web.authentication.AnonymousAuthenticationFilter@62376bdd, org.springframework.security.web.session.SessionManagementFilter@3006aef5, org.springframework.security.web.access.ExceptionTranslationFilter@20608ef4, org.springframework.security.web.access.intercept.FilterSecurityInterceptor@497c1d78]
2021-11-05 21:59:53.118  INFO 17000 --- [main] pertySourcedRequestMappingHandlerMapping : Mapped URL path [/v2/api-docs] onto method [springfox.documentation.swagger2.web.Swagger2Controller#getDocumentation(String, HttpServletRequest)]
2021-11-05 21:59:53.489  INFO 17000 --- [main] o.s.s.concurrent.ThreadPoolTaskExecutor  : Initializing ExecutorService 'applicationTaskExecutor'
2021-11-05 21:59:53.896  INFO 17000 --- [main] d.s.w.p.DocumentationPluginsBootstrapper : Context refreshed
2021-11-05 21:59:54.077  INFO 17000 --- [main] d.s.w.p.DocumentationPluginsBootstrapper : Found 1 custom documentation plugin(s)
2021-11-05 21:59:54.207  INFO 17000 --- [main] s.d.s.w.s.ApiListingReferenceScanner     : Scanning for api listing references
2021-11-05 21:59:56.096  INFO 17000 --- [main] o.apache.catalina.core.StandardService   : Stopping service [Tomcat]
2021-11-05 21:59:56.119  WARN 17000 --- [main] o.a.c.loader.WebappClassLoaderBase       : The web application [ROOT] appears to have started a thread named [HikariPool-1 housekeeper] but has failed to stop it. This is very likely to create a memory leak. Stack trace of thread:
 java.base@16.0.2/jdk.internal.misc.Unsafe.park(Native Method)
 java.base@16.0.2/java.util.concurrent.locks.LockSupport.parkNanos(LockSupport.java:252)
 java.base@16.0.2/java.util.concurrent.locks.AbstractQueuedSynchronizer$ConditionObject.awaitNanos(AbstractQueuedSynchronizer.java:1661)
 java.base@16.0.2/java.util.concurrent.ScheduledThreadPoolExecutor$DelayedWorkQueue.take(ScheduledThreadPoolExecutor.java:1182)
 java.base@16.0.2/java.util.concurrent.ScheduledThreadPoolExecutor$DelayedWorkQueue.take(ScheduledThreadPoolExecutor.java:899)
 java.base@16.0.2/java.util.concurrent.ThreadPoolExecutor.getTask(ThreadPoolExecutor.java:1056)
 java.base@16.0.2/java.util.concurrent.ThreadPoolExecutor.runWorker(ThreadPoolExecutor.java:1116)
 java.base@16.0.2/java.util.concurrent.ThreadPoolExecutor$Worker.run(ThreadPoolExecutor.java:630)
 java.base@16.0.2/java.lang.Thread.run(Thread.java:831)
2021-11-05 21:59:56.294  INFO 17000 --- [main] ConditionEvaluationReportLoggingListener : 

Error starting ApplicationContext. To display the conditions report re-run your application with 'debug' enabled.
2021-11-05 21:59:56.300 ERROR 17000 --- [main] o.s.b.d.LoggingFailureAnalysisReporter   : 

***************************
APPLICATION FAILED TO START
***************************

Description:

Web server failed to start. Port 4000 was already in use.

Action:

Identify and stop the process that's listening on port 4000 or configure this application to listen on another port.

2021-11-05 21:59:56.307  INFO 17000 --- [main] o.s.s.concurrent.ThreadPoolTaskExecutor  : Shutting down ExecutorService 'applicationTaskExecutor'
2021-11-05 21:59:56.316  INFO 17000 --- [main] j.LocalContainerEntityManagerFactoryBean : Closing JPA EntityManagerFactory for persistence unit 'default'
2021-11-05 21:59:56.317  INFO 17000 --- [main] .SchemaDropperImpl$DelayedDropActionImpl : HHH000477: Starting delayed evictData of schema as part of SessionFactory shut-down'
2021-11-05 21:59:56.367  INFO 17000 --- [main] com.zaxxer.hikari.HikariDataSource       : HikariPool-1 - Shutdown initiated...
2021-11-05 21:59:56.459  INFO 17000 --- [main] com.zaxxer.hikari.HikariDataSource       : HikariPool-1 - Shutdown completed.
2021-11-05 22:03:03.768  WARN 15140 --- [http-nio-4000-exec-6] .w.s.m.s.DefaultHandlerExceptionResolver : Resolved [org.springframework.web.HttpRequestMethodNotSupportedException: Request method 'GET' not supported]
2021-11-05 22:03:47.529  INFO 12132 --- [main] com.api.sportyShoes.SportyShoes          : Starting SportyShoes on DESKTOP-MR1SLQB with PID 12132 (C:\Users\Lenovo\eclipse-workspace\Sporty Shoes\sporty_shoes\target\classes started by Lenovo in C:\Users\Lenovo\eclipse-workspace\Sporty Shoes\sporty_shoes)
2021-11-05 22:03:47.539  INFO 12132 --- [main] com.api.sportyShoes.SportyShoes          : No active profile set, falling back to default profiles: default
2021-11-05 22:03:50.777  INFO 12132 --- [main] .s.d.r.c.RepositoryConfigurationDelegate : Bootstrapping Spring Data JPA repositories in DEFAULT mode.
2021-11-05 22:03:50.976  INFO 12132 --- [main] .s.d.r.c.RepositoryConfigurationDelegate : Finished Spring Data repository scanning in 174ms. Found 2 JPA repository interfaces.
2021-11-05 22:03:53.256  INFO 12132 --- [main] o.s.b.w.embedded.tomcat.TomcatWebServer  : Tomcat initialized with port(s): 4000 (http)
2021-11-05 22:03:53.371  INFO 12132 --- [main] o.apache.catalina.core.StandardService   : Starting service [Tomcat]
2021-11-05 22:03:53.373  INFO 12132 --- [main] org.apache.catalina.core.StandardEngine  : Starting Servlet engine: [Apache Tomcat/9.0.38]
2021-11-05 22:03:53.922  INFO 12132 --- [main] o.a.c.c.C.[Tomcat].[localhost].[/]       : Initializing Spring embedded WebApplicationContext
2021-11-05 22:03:53.923  INFO 12132 --- [main] w.s.c.ServletWebServerApplicationContext : Root WebApplicationContext: initialization completed in 6206 ms
2021-11-05 22:03:54.068  INFO 12132 --- [main] com.zaxxer.hikari.HikariDataSource       : HikariPool-1 - Starting...
2021-11-05 22:03:54.571  INFO 12132 --- [main] com.zaxxer.hikari.HikariDataSource       : HikariPool-1 - Start completed.
2021-11-05 22:03:54.589  INFO 12132 --- [main] o.s.b.a.h2.H2ConsoleAutoConfiguration    : H2 console available at '/h2'. Database available at 'jdbc:h2:mem:testdb'
2021-11-05 22:03:55.352  INFO 12132 --- [main] o.hibernate.jpa.internal.util.LogHelper  : HHH000204: Processing PersistenceUnitInfo [name: default]
2021-11-05 22:03:55.794  INFO 12132 --- [main] org.hibernate.Version                    : HHH000412: Hibernate ORM core version 5.4.21.Final
2021-11-05 22:03:57.183  INFO 12132 --- [main] o.hibernate.annotations.common.Version   : HCANN000001: Hibernate Commons Annotations {5.1.0.Final}
2021-11-05 22:03:57.836  INFO 12132 --- [main] org.hibernate.dialect.Dialect            : HHH000400: Using dialect: org.hibernate.dialect.H2Dialect
2021-11-05 22:04:00.931  INFO 12132 --- [main] o.h.e.t.j.p.i.JtaPlatformInitiator       : HHH000490: Using JtaPlatform implementation: [org.hibernate.engine.transaction.jta.platform.internal.NoJtaPlatform]
2021-11-05 22:04:00.951  INFO 12132 --- [main] j.LocalContainerEntityManagerFactoryBean : Initialized JPA EntityManagerFactory for persistence unit 'default'
2021-11-05 22:04:01.116  WARN 12132 --- [main] JpaBaseConfiguration$JpaWebConfiguration : spring.jpa.open-in-view is enabled by default. Therefore, database queries may be performed during view rendering. Explicitly configure spring.jpa.open-in-view to disable this warning
2021-11-05 22:04:03.677  INFO 12132 --- [main] o.s.s.web.DefaultSecurityFilterChain     : Creating filter chain: any request, [org.springframework.security.web.context.request.async.WebAsyncManagerIntegrationFilter@35975b05, org.springframework.security.web.context.SecurityContextPersistenceFilter@62ba3045, org.springframework.security.web.header.HeaderWriterFilter@6344004d, org.springframework.security.web.authentication.logout.LogoutFilter@4bc39640, org.springframework.security.web.authentication.www.BasicAuthenticationFilter@3180131e, org.springframework.security.web.savedrequest.RequestCacheAwareFilter@d863bb, org.springframework.security.web.servletapi.SecurityContextHolderAwareRequestFilter@7be86438, org.springframework.security.web.authentication.AnonymousAuthenticationFilter@474deb4c, org.springframework.security.web.session.SessionManagementFilter@79080255, org.springframework.security.web.access.ExceptionTranslationFilter@11ec2b2f, org.springframework.security.web.access.intercept.FilterSecurityInterceptor@3fc2a1d1]
2021-11-05 22:04:03.729  INFO 12132 --- [main] pertySourcedRequestMappingHandlerMapping : Mapped URL path [/v2/api-docs] onto method [springfox.documentation.swagger2.web.Swagger2Controller#getDocumentation(String, HttpServletRequest)]
2021-11-05 22:04:03.961  INFO 12132 --- [main] o.s.s.concurrent.ThreadPoolTaskExecutor  : Initializing ExecutorService 'applicationTaskExecutor'
2021-11-05 22:04:04.243  INFO 12132 --- [main] d.s.w.p.DocumentationPluginsBootstrapper : Context refreshed
2021-11-05 22:04:04.308  INFO 12132 --- [main] d.s.w.p.DocumentationPluginsBootstrapper : Found 1 custom documentation plugin(s)
2021-11-05 22:04:04.411  INFO 12132 --- [main] s.d.s.w.s.ApiListingReferenceScanner     : Scanning for api listing references
2021-11-05 22:04:05.497  INFO 12132 --- [main] o.apache.catalina.core.StandardService   : Stopping service [Tomcat]
2021-11-05 22:04:05.507  WARN 12132 --- [main] o.a.c.loader.WebappClassLoaderBase       : The web application [ROOT] appears to have started a thread named [HikariPool-1 housekeeper] but has failed to stop it. This is very likely to create a memory leak. Stack trace of thread:
 java.base@16.0.2/jdk.internal.misc.Unsafe.park(Native Method)
 java.base@16.0.2/java.util.concurrent.locks.LockSupport.parkNanos(LockSupport.java:252)
 java.base@16.0.2/java.util.concurrent.locks.AbstractQueuedSynchronizer$ConditionObject.awaitNanos(AbstractQueuedSynchronizer.java:1661)
 java.base@16.0.2/java.util.concurrent.ScheduledThreadPoolExecutor$DelayedWorkQueue.take(ScheduledThreadPoolExecutor.java:1182)
 java.base@16.0.2/java.util.concurrent.ScheduledThreadPoolExecutor$DelayedWorkQueue.take(ScheduledThreadPoolExecutor.java:899)
 java.base@16.0.2/java.util.concurrent.ThreadPoolExecutor.getTask(ThreadPoolExecutor.java:1056)
 java.base@16.0.2/java.util.concurrent.ThreadPoolExecutor.runWorker(ThreadPoolExecutor.java:1116)
 java.base@16.0.2/java.util.concurrent.ThreadPoolExecutor$Worker.run(ThreadPoolExecutor.java:630)
 java.base@16.0.2/java.lang.Thread.run(Thread.java:831)
2021-11-05 22:04:05.549  INFO 12132 --- [main] ConditionEvaluationReportLoggingListener : 

Error starting ApplicationContext. To display the conditions report re-run your application with 'debug' enabled.
2021-11-05 22:04:05.560 ERROR 12132 --- [main] o.s.b.d.LoggingFailureAnalysisReporter   : 

***************************
APPLICATION FAILED TO START
***************************

Description:

Web server failed to start. Port 4000 was already in use.

Action:

Identify and stop the process that's listening on port 4000 or configure this application to listen on another port.

2021-11-05 22:04:05.572  INFO 12132 --- [main] o.s.s.concurrent.ThreadPoolTaskExecutor  : Shutting down ExecutorService 'applicationTaskExecutor'
2021-11-05 22:04:05.585  INFO 12132 --- [main] j.LocalContainerEntityManagerFactoryBean : Closing JPA EntityManagerFactory for persistence unit 'default'
2021-11-05 22:04:05.587  INFO 12132 --- [main] .SchemaDropperImpl$DelayedDropActionImpl : HHH000477: Starting delayed evictData of schema as part of SessionFactory shut-down'
2021-11-05 22:04:05.626  INFO 12132 --- [main] com.zaxxer.hikari.HikariDataSource       : HikariPool-1 - Shutdown initiated...
2021-11-05 22:04:05.664  INFO 12132 --- [main] com.zaxxer.hikari.HikariDataSource       : HikariPool-1 - Shutdown completed.
2021-11-05 22:06:10.891  INFO 6148 --- [main] com.api.sportyShoes.SportyShoes          : Starting SportyShoes on DESKTOP-MR1SLQB with PID 6148 (C:\Users\Lenovo\eclipse-workspace\Sporty Shoes\sporty_shoes\target\classes started by Lenovo in C:\Users\Lenovo\eclipse-workspace\Sporty Shoes\sporty_shoes)
2021-11-05 22:06:10.898  INFO 6148 --- [main] com.api.sportyShoes.SportyShoes          : No active profile set, falling back to default profiles: default
2021-11-05 22:06:13.890  INFO 6148 --- [main] .s.d.r.c.RepositoryConfigurationDelegate : Bootstrapping Spring Data JPA repositories in DEFAULT mode.
2021-11-05 22:06:14.102  INFO 6148 --- [main] .s.d.r.c.RepositoryConfigurationDelegate : Finished Spring Data repository scanning in 175ms. Found 2 JPA repository interfaces.
2021-11-05 22:06:15.656  INFO 6148 --- [main] o.s.b.w.embedded.tomcat.TomcatWebServer  : Tomcat initialized with port(s): 4000 (http)
2021-11-05 22:06:15.681  INFO 6148 --- [main] o.apache.catalina.core.StandardService   : Starting service [Tomcat]
2021-11-05 22:06:15.682  INFO 6148 --- [main] org.apache.catalina.core.StandardEngine  : Starting Servlet engine: [Apache Tomcat/9.0.38]
2021-11-05 22:06:15.929  INFO 6148 --- [main] o.a.c.c.C.[Tomcat].[localhost].[/]       : Initializing Spring embedded WebApplicationContext
2021-11-05 22:06:15.930  INFO 6148 --- [main] w.s.c.ServletWebServerApplicationContext : Root WebApplicationContext: initialization completed in 4921 ms
2021-11-05 22:06:16.029  INFO 6148 --- [main] com.zaxxer.hikari.HikariDataSource       : HikariPool-1 - Starting...
2021-11-05 22:06:16.416  INFO 6148 --- [main] com.zaxxer.hikari.HikariDataSource       : HikariPool-1 - Start completed.
2021-11-05 22:06:16.433  INFO 6148 --- [main] o.s.b.a.h2.H2ConsoleAutoConfiguration    : H2 console available at '/h2'. Database available at 'jdbc:h2:mem:testdb'
2021-11-05 22:06:16.832  INFO 6148 --- [main] o.hibernate.jpa.internal.util.LogHelper  : HHH000204: Processing PersistenceUnitInfo [name: default]
2021-11-05 22:06:16.970  INFO 6148 --- [main] org.hibernate.Version                    : HHH000412: Hibernate ORM core version 5.4.21.Final
2021-11-05 22:06:17.312  INFO 6148 --- [main] o.hibernate.annotations.common.Version   : HCANN000001: Hibernate Commons Annotations {5.1.0.Final}
2021-11-05 22:06:17.656  INFO 6148 --- [main] org.hibernate.dialect.Dialect            : HHH000400: Using dialect: org.hibernate.dialect.H2Dialect
2021-11-05 22:06:19.157  INFO 6148 --- [main] o.h.e.t.j.p.i.JtaPlatformInitiator       : HHH000490: Using JtaPlatform implementation: [org.hibernate.engine.transaction.jta.platform.internal.NoJtaPlatform]
2021-11-05 22:06:19.178  INFO 6148 --- [main] j.LocalContainerEntityManagerFactoryBean : Initialized JPA EntityManagerFactory for persistence unit 'default'
2021-11-05 22:06:19.369  WARN 6148 --- [main] JpaBaseConfiguration$JpaWebConfiguration : spring.jpa.open-in-view is enabled by default. Therefore, database queries may be performed during view rendering. Explicitly configure spring.jpa.open-in-view to disable this warning
2021-11-05 22:06:21.655  INFO 6148 --- [main] o.s.s.web.DefaultSecurityFilterChain     : Creating filter chain: any request, [org.springframework.security.web.context.request.async.WebAsyncManagerIntegrationFilter@6f9b5f01, org.springframework.security.web.context.SecurityContextPersistenceFilter@a70daf4, org.springframework.security.web.header.HeaderWriterFilter@fef2768, org.springframework.security.web.authentication.logout.LogoutFilter@222a7429, org.springframework.security.web.authentication.www.BasicAuthenticationFilter@136690b1, org.springframework.security.web.savedrequest.RequestCacheAwareFilter@7611e295, org.springframework.security.web.servletapi.SecurityContextHolderAwareRequestFilter@7945986a, org.springframework.security.web.authentication.AnonymousAuthenticationFilter@6859bbd4, org.springframework.security.web.session.SessionManagementFilter@37b44e8e, org.springframework.security.web.access.ExceptionTranslationFilter@1690929, org.springframework.security.web.access.intercept.FilterSecurityInterceptor@725490dd]
2021-11-05 22:06:21.707  INFO 6148 --- [main] pertySourcedRequestMappingHandlerMapping : Mapped URL path [/v2/api-docs] onto method [springfox.documentation.swagger2.web.Swagger2Controller#getDocumentation(String, HttpServletRequest)]
2021-11-05 22:06:21.965  INFO 6148 --- [main] o.s.s.concurrent.ThreadPoolTaskExecutor  : Initializing ExecutorService 'applicationTaskExecutor'
2021-11-05 22:06:22.250  INFO 6148 --- [main] d.s.w.p.DocumentationPluginsBootstrapper : Context refreshed
2021-11-05 22:06:22.300  INFO 6148 --- [main] d.s.w.p.DocumentationPluginsBootstrapper : Found 1 custom documentation plugin(s)
2021-11-05 22:06:22.399  INFO 6148 --- [main] s.d.s.w.s.ApiListingReferenceScanner     : Scanning for api listing references
2021-11-05 22:06:22.900  INFO 6148 --- [main] o.apache.catalina.core.StandardService   : Stopping service [Tomcat]
2021-11-05 22:06:22.906  WARN 6148 --- [main] o.a.c.loader.WebappClassLoaderBase       : The web application [ROOT] appears to have started a thread named [HikariPool-1 housekeeper] but has failed to stop it. This is very likely to create a memory leak. Stack trace of thread:
 java.base@16.0.2/jdk.internal.misc.Unsafe.park(Native Method)
 java.base@16.0.2/java.util.concurrent.locks.LockSupport.parkNanos(LockSupport.java:252)
 java.base@16.0.2/java.util.concurrent.locks.AbstractQueuedSynchronizer$ConditionObject.awaitNanos(AbstractQueuedSynchronizer.java:1661)
 java.base@16.0.2/java.util.concurrent.ScheduledThreadPoolExecutor$DelayedWorkQueue.take(ScheduledThreadPoolExecutor.java:1182)
 java.base@16.0.2/java.util.concurrent.ScheduledThreadPoolExecutor$DelayedWorkQueue.take(ScheduledThreadPoolExecutor.java:899)
 java.base@16.0.2/java.util.concurrent.ThreadPoolExecutor.getTask(ThreadPoolExecutor.java:1056)
 java.base@16.0.2/java.util.concurrent.ThreadPoolExecutor.runWorker(ThreadPoolExecutor.java:1116)
 java.base@16.0.2/java.util.concurrent.ThreadPoolExecutor$Worker.run(ThreadPoolExecutor.java:630)
 java.base@16.0.2/java.lang.Thread.run(Thread.java:831)
2021-11-05 22:06:22.912  INFO 6148 --- [main] ConditionEvaluationReportLoggingListener : 

Error starting ApplicationContext. To display the conditions report re-run your application with 'debug' enabled.
2021-11-05 22:06:22.916 ERROR 6148 --- [main] o.s.b.d.LoggingFailureAnalysisReporter   : 

***************************
APPLICATION FAILED TO START
***************************

Description:

Web server failed to start. Port 4000 was already in use.

Action:

Identify and stop the process that's listening on port 4000 or configure this application to listen on another port.

2021-11-05 22:06:22.921  INFO 6148 --- [main] o.s.s.concurrent.ThreadPoolTaskExecutor  : Shutting down ExecutorService 'applicationTaskExecutor'
2021-11-05 22:06:22.927  INFO 6148 --- [main] j.LocalContainerEntityManagerFactoryBean : Closing JPA EntityManagerFactory for persistence unit 'default'
2021-11-05 22:06:22.928  INFO 6148 --- [main] .SchemaDropperImpl$DelayedDropActionImpl : HHH000477: Starting delayed evictData of schema as part of SessionFactory shut-down'
2021-11-05 22:06:22.939  INFO 6148 --- [main] com.zaxxer.hikari.HikariDataSource       : HikariPool-1 - Shutdown initiated...
2021-11-05 22:06:22.944  INFO 6148 --- [main] com.zaxxer.hikari.HikariDataSource       : HikariPool-1 - Shutdown completed.
2021-11-05 22:12:13.797  INFO 17120 --- [main] com.api.sportyShoes.SportyShoes          : Starting SportyShoes on DESKTOP-MR1SLQB with PID 17120 (C:\Users\Lenovo\eclipse-workspace\Sporty Shoes\sporty_shoes\target\classes started by Lenovo in C:\Users\Lenovo\eclipse-workspace\Sporty Shoes\sporty_shoes)
2021-11-05 22:12:13.889  INFO 17120 --- [main] com.api.sportyShoes.SportyShoes          : No active profile set, falling back to default profiles: default
2021-11-05 22:12:18.289  INFO 17120 --- [main] .s.d.r.c.RepositoryConfigurationDelegate : Bootstrapping Spring Data JPA repositories in DEFAULT mode.
2021-11-05 22:12:18.832  INFO 17120 --- [main] .s.d.r.c.RepositoryConfigurationDelegate : Finished Spring Data repository scanning in 390ms. Found 2 JPA repository interfaces.
2021-11-05 22:12:21.562  INFO 17120 --- [main] o.s.b.w.embedded.tomcat.TomcatWebServer  : Tomcat initialized with port(s): 4000 (http)
2021-11-05 22:12:21.604  INFO 17120 --- [main] o.apache.catalina.core.StandardService   : Starting service [Tomcat]
2021-11-05 22:12:21.605  INFO 17120 --- [main] org.apache.catalina.core.StandardEngine  : Starting Servlet engine: [Apache Tomcat/9.0.38]
2021-11-05 22:12:21.944  INFO 17120 --- [main] o.a.c.c.C.[Tomcat].[localhost].[/]       : Initializing Spring embedded WebApplicationContext
2021-11-05 22:12:21.946  INFO 17120 --- [main] w.s.c.ServletWebServerApplicationContext : Root WebApplicationContext: initialization completed in 7887 ms
2021-11-05 22:12:22.157  INFO 17120 --- [main] com.zaxxer.hikari.HikariDataSource       : HikariPool-1 - Starting...
2021-11-05 22:12:22.882  INFO 17120 --- [main] com.zaxxer.hikari.HikariDataSource       : HikariPool-1 - Start completed.
2021-11-05 22:12:22.902  INFO 17120 --- [main] o.s.b.a.h2.H2ConsoleAutoConfiguration    : H2 console available at '/h2'. Database available at 'jdbc:h2:mem:testdb'
2021-11-05 22:12:23.946  INFO 17120 --- [main] o.hibernate.jpa.internal.util.LogHelper  : HHH000204: Processing PersistenceUnitInfo [name: default]
2021-11-05 22:12:24.436  INFO 17120 --- [main] org.hibernate.Version                    : HHH000412: Hibernate ORM core version 5.4.21.Final
2021-11-05 22:12:26.562  INFO 17120 --- [main] o.hibernate.annotations.common.Version   : HCANN000001: Hibernate Commons Annotations {5.1.0.Final}
2021-11-05 22:12:27.220  INFO 17120 --- [main] org.hibernate.dialect.Dialect            : HHH000400: Using dialect: org.hibernate.dialect.H2Dialect
2021-11-05 22:12:30.142  INFO 17120 --- [main] o.h.e.t.j.p.i.JtaPlatformInitiator       : HHH000490: Using JtaPlatform implementation: [org.hibernate.engine.transaction.jta.platform.internal.NoJtaPlatform]
2021-11-05 22:12:30.156  INFO 17120 --- [main] j.LocalContainerEntityManagerFactoryBean : Initialized JPA EntityManagerFactory for persistence unit 'default'
2021-11-05 22:12:30.317  WARN 17120 --- [main] JpaBaseConfiguration$JpaWebConfiguration : spring.jpa.open-in-view is enabled by default. Therefore, database queries may be performed during view rendering. Explicitly configure spring.jpa.open-in-view to disable this warning
2021-11-05 22:12:33.311  INFO 17120 --- [main] o.s.s.web.DefaultSecurityFilterChain     : Creating filter chain: any request, [org.springframework.security.web.context.request.async.WebAsyncManagerIntegrationFilter@136690b1, org.springframework.security.web.context.SecurityContextPersistenceFilter@30a1b2ad, org.springframework.security.web.header.HeaderWriterFilter@7674f9d4, org.springframework.security.web.authentication.logout.LogoutFilter@6a906078, org.springframework.security.web.authentication.www.BasicAuthenticationFilter@470ad01c, org.springframework.security.web.savedrequest.RequestCacheAwareFilter@4144d4a, org.springframework.security.web.servletapi.SecurityContextHolderAwareRequestFilter@6d40a2b, org.springframework.security.web.authentication.AnonymousAuthenticationFilter@39007725, org.springframework.security.web.session.SessionManagementFilter@22bca04e, org.springframework.security.web.access.ExceptionTranslationFilter@5cd6a827, org.springframework.security.web.access.intercept.FilterSecurityInterceptor@7343d843]
2021-11-05 22:12:33.415  INFO 17120 --- [main] pertySourcedRequestMappingHandlerMapping : Mapped URL path [/v2/api-docs] onto method [springfox.documentation.swagger2.web.Swagger2Controller#getDocumentation(String, HttpServletRequest)]
2021-11-05 22:12:33.848  INFO 17120 --- [main] o.s.s.concurrent.ThreadPoolTaskExecutor  : Initializing ExecutorService 'applicationTaskExecutor'
2021-11-05 22:12:34.432  INFO 17120 --- [main] d.s.w.p.DocumentationPluginsBootstrapper : Context refreshed
2021-11-05 22:12:34.528  INFO 17120 --- [main] d.s.w.p.DocumentationPluginsBootstrapper : Found 1 custom documentation plugin(s)
2021-11-05 22:12:34.708  INFO 17120 --- [main] s.d.s.w.s.ApiListingReferenceScanner     : Scanning for api listing references
2021-11-05 22:12:35.406  INFO 17120 --- [main] o.s.b.w.embedded.tomcat.TomcatWebServer  : Tomcat started on port(s): 4000 (http) with context path ''
2021-11-05 22:12:35.413  INFO 17120 --- [main] com.api.sportyShoes.SportyShoes          : Started SportyShoes in 22.69 seconds (JVM running for 24.037)
2021-11-05 22:13:21.191  INFO 17120 --- [http-nio-4000-exec-1] o.a.c.c.C.[Tomcat].[localhost].[/]       : Initializing Spring DispatcherServlet 'dispatcherServlet'
2021-11-05 22:13:21.192  INFO 17120 --- [http-nio-4000-exec-1] o.s.web.servlet.DispatcherServlet        : Initializing Servlet 'dispatcherServlet'
2021-11-05 22:13:21.300  INFO 17120 --- [http-nio-4000-exec-1] o.s.web.servlet.DispatcherServlet        : Completed initialization in 107 ms
2021-11-05 22:43:38.066  WARN 17120 --- [HikariPool-1 housekeeper] com.zaxxer.hikari.pool.HikariPool        : HikariPool-1 - Thread starvation or clock leap detected (housekeeper delta=19m44s920ms586µs400ns).
2021-11-05 22:46:58.555  WARN 17120 --- [http-nio-4000-exec-1] .w.s.m.s.DefaultHandlerExceptionResolver : Resolved [org.springframework.http.converter.HttpMessageNotReadableException: Required request body is missing: public org.springframework.http.ResponseEntity<com.api.sportyShoes.model.Shoe> com.api.sportyShoes.controller.CRUDController.updateShoe(com.api.sportyShoes.model.Shoe)]
2021-11-05 22:47:53.981  WARN 17120 --- [http-nio-4000-exec-6] .w.s.m.s.DefaultHandlerExceptionResolver : Resolved [org.springframework.http.converter.HttpMessageNotReadableException: Required request body is missing: public org.springframework.http.ResponseEntity<com.api.sportyShoes.model.Shoe> com.api.sportyShoes.controller.CRUDController.updateShoe(com.api.sportyShoes.model.Shoe)]
